::1 - - [16/Oct/2018:12:36:52 +0000] "GET /images/w2.jpg HTTP/1.1" 200 15204
::1 - - [16/Oct/2018:12:59:57 +0000] "GET /images/w2.jpg HTTP/1.1" 304 -
::1 - - [16/Oct/2018:13:00:03 +0000] "GET /images/w2.jpg HTTP/1.1" 304 -
::1 - - [16/Oct/2018:13:00:04 +0000] "GET /images/w2.jpg HTTP/1.1" 304 -
::1 - - [16/Oct/2018:13:00:05 +0000] "GET /images/w2.jpg HTTP/1.1" 200 15204
::1 - - [16/Oct/2018:13:00:05 +0000] "GET /images/w2.jpg HTTP/1.1" 304 -
::1 - - [16/Oct/2018:13:00:06 +0000] "GET /images/w2.jpg HTTP/1.1" 304 -
::1 - - [16/Oct/2018:13:00:06 +0000] "GET /images/w2.jpg HTTP/1.1" 304 -
::1 - - [16/Oct/2018:13:00:07 +0000] "GET /images/w2.jpg HTTP/1.1" 304 -
::1 - - [16/Oct/2018:13:00:07 +0000] "GET /images/w2.jpg HTTP/1.1" 304 -
::1 - - [16/Oct/2018:13:00:08 +0000] "GET /images/w2.jpg HTTP/1.1" 304 -
::1 - - [16/Oct/2018:13:00:09 +0000] "GET /images/w2.jpg HTTP/1.1" 304 -
::1 - - [16/Oct/2018:13:00:09 +0000] "GET /images/w2.jpg HTTP/1.1" 304 -
::1 - - [16/Oct/2018:13:00:53 +0000] "GET /images/w2.jpg HTTP/1.1" 304 -
::1 - - [16/Oct/2018:13:00:56 +0000] "GET /images/w2.jpg HTTP/1.1" 304 -
::1 - - [16/Oct/2018:13:01:22 +0000] "GET /images/w2.jpg HTTP/1.1" 304 -
::1 - - [16/Oct/2018:13:02:20 +0000] "GET /images/w2.jpg HTTP/1.1" 304 -
::1 - - [16/Oct/2018:13:02:22 +0000] "GET /images/w2.jpg HTTP/1.1" 304 -
::1 - - [16/Oct/2018:13:02:40 +0000] "GET /images/w2.jpg HTTP/1.1" 304 -
::1 - - [16/Oct/2018:13:02:43 +0000] "GET /images/w2.jpg HTTP/1.1" 304 -
::1 - - [16/Oct/2018:13:02:46 +0000] "GET /images/w2.jpg HTTP/1.1" 304 -
::1 - - [16/Oct/2018:13:02:46 +0000] "GET /images/w2.jpg HTTP/1.1" 304 -
::1 - - [16/Oct/2018:13:02:47 +0000] "GET /images/w2.jpg HTTP/1.1" 304 -
::1 - - [16/Oct/2018:13:03:45 +0000] "GET /images/w2.jpg HTTP/1.1" 304 -
::1 - - [16/Oct/2018:13:03:47 +0000] "GET /images/w2.jpg HTTP/1.1" 304 -
::1 - - [16/Oct/2018:13:04:10 +0000] "GET /images/w2.jpg HTTP/1.1" 304 -
::1 - - [16/Oct/2018:13:04:12 +0000] "GET /images/w2.jpg HTTP/1.1" 304 -
::1 - - [16/Oct/2018:13:04:16 +0000] "GET /images/w2.jpg HTTP/1.1" 304 -
::1 - - [16/Oct/2018:13:04:17 +0000] "GET /images/w2.jpg HTTP/1.1" 304 -
::1 - - [16/Oct/2018:13:04:18 +0000] "GET /images/w2.jpg HTTP/1.1" 304 -
::1 - - [16/Oct/2018:13:04:18 +0000] "GET /images/w2.jpg HTTP/1.1" 304 -
::1 - - [16/Oct/2018:13:04:21 +0000] "GET /images/w2.jpg HTTP/1.1" 304 -
::1 - - [16/Oct/2018:13:04:22 +0000] "GET /images/w2.jpg HTTP/1.1" 304 -
::1 - - [16/Oct/2018:13:04:22 +0000] "GET /images/w2.jpg HTTP/1.1" 304 -
::1 - - [16/Oct/2018:13:04:23 +0000] "GET /images/w2.jpg HTTP/1.1" 304 -
::1 - - [16/Oct/2018:13:04:46 +0000] "GET /images/w2.jpg HTTP/1.1" 304 -
::1 - - [16/Oct/2018:13:05:51 +0000] "GET /images/w2.jpg HTTP/1.1" 304 -
::1 - - [16/Oct/2018:13:06:30 +0000] "GET /images/w2.jpg HTTP/1.1" 304 -
::1 - - [16/Oct/2018:13:16:29 +0000] "GET /images/w2.jpg HTTP/1.1" 200 15204
::1 - - [16/Oct/2018:13:18:21 +0000] "GET /images/w2.jpg HTTP/1.1" 304 -
::ffff:127.0.0.1 - - [16/Oct/2018:13:19:00 +0000] "GET /api/member/memberList?pageNo=1&pageSize=10 HTTP/1.1" 200 42
::ffff:127.0.0.1 - - [16/Oct/2018:13:19:00 +0000] "GET /api/getVerify HTTP/1.1" 200 -
::ffff:127.0.0.1 - - [16/Oct/2018:13:19:09 +0000] "POST /api/user/login HTTP/1.1" 200 1097
::ffff:127.0.0.1 - - [16/Oct/2018:13:19:09 +0000] "GET /api/getVerify?time=1539695949078 HTTP/1.1" 200 -
::ffff:127.0.0.1 - - [16/Oct/2018:13:19:11 +0000] "GET /api/member/memberList?pageNo=1&pageSize=10 HTTP/1.1" 200 1662
::1 - - [16/Oct/2018:13:19:13 +0000] "GET /images/w2.jpg HTTP/1.1" 304 -
::ffff:127.0.0.1 - - [16/Oct/2018:13:19:13 +0000] "GET /api/member/memberList?pageNo=1&pageSize=10 HTTP/1.1" 304 -
